Using pre-set license
Built from '2020.3/staging' branch; Version is '2020.3.21f1 (a38c86f6690f) revision 10718342'; Using compiler version '192528614'; Build Type 'Release'
OS: 'Windows 10 Home Single Language; OS build 19042.1348; Version 2009; 64bit' Language: 'ru' Physical Memory: 7976 MB
BatchMode: 1, IsHumanControllingUs: 0, StartBugReporterOnCrash: 0, Is64bit: 1, IsPro: 0

COMMAND LINE ARGUMENTS:
D:\Unity\2020.3.21f1\Editor\Unity.exe
-adb2
-batchMode
-noUpm
-name
AssetImportWorker0
-projectPath
D:/Unity/TextFungus/FungusGit
-logFile
Logs/AssetImportWorker0.log
-srvPort
63558
Successfully changed project path to: D:/Unity/TextFungus/FungusGit
D:/Unity/TextFungus/FungusGit
Using Asset Import Pipeline V2.
Refreshing native plugins compatible for Editor in 50.44 ms, found 3 plugins.
Preloading 0 native plugins for Editor in 0.00 ms.
Initialize engine version: 2020.3.21f1 (a38c86f6690f)
[Subsystems] Discovering subsystems at path D:/Unity/2020.3.21f1/Editor/Data/Resources/UnitySubsystems
[Subsystems] Discovering subsystems at path D:/Unity/TextFungus/FungusGit/Assets
GfxDevice: creating device client; threaded=0
Direct3D:
    Version:  Direct3D 11.0 [level 11.1]
    Renderer: NVIDIA GeForce MX230 (ID=0x1d11)
    Vendor:   
    VRAM:     1984 MB
    Driver:   30.0.14.7141
Initialize mono
Mono path[0] = 'D:/Unity/2020.3.21f1/Editor/Data/Managed'
Mono path[1] = 'D:/Unity/2020.3.21f1/Editor/Data/MonoBleedingEdge/lib/mono/unityjit'
Mono config path = 'D:/Unity/2020.3.21f1/Editor/Data/MonoBleedingEdge/etc'
Using monoOptions --debugger-agent=transport=dt_socket,embedding=1,server=y,suspend=n,address=127.0.0.1:56004
Begin MonoManager ReloadAssembly
Registering precompiled unity dll's ...
Register platform support module: D:/Unity/2020.3.21f1/Editor/Data/PlaybackEngines/WebGLSupport/UnityEditor.WebGL.Extensions.dll
Register platform support module: D:/Unity/2020.3.21f1/Editor/Data/PlaybackEngines/WindowsStandaloneSupport/UnityEditor.WindowsStandalone.Extensions.dll
Registered in 0.000943 seconds.
Native extension for WindowsStandalone target not found
Native extension for WebGL target not found
Refreshing native plugins compatible for Editor in 51.91 ms, found 3 plugins.
Preloading 0 native plugins for Editor in 0.00 ms.
Mono: successfully reloaded assembly
- Completed reload, in  1.052 seconds
Domain Reload Profiling:
	ReloadAssembly (1052ms)
		BeginReloadAssembly (44ms)
			ExecutionOrderSort (0ms)
			DisableScriptedObjects (0ms)
			BackupInstance (0ms)
			ReleaseScriptingObjects (0ms)
			CreateAndSetChildDomain (1ms)
		EndReloadAssembly (424ms)
			LoadAssemblies (44ms)
			RebuildTransferFunctionScriptingTraits (0ms)
			SetupTypeCache (143ms)
			ReleaseScriptCaches (0ms)
			RebuildScriptCaches (29ms)
			SetupLoadedEditorAssemblies (169ms)
				LogAssemblyErrors (0ms)
				InitializePlatformSupportModulesInManaged (4ms)
				SetLoadedEditorAssemblies (0ms)
				RefreshPlugins (52ms)
				BeforeProcessingInitializeOnLoad (12ms)
				ProcessInitializeOnLoadAttributes (75ms)
				ProcessInitializeOnLoadMethodAttributes (25ms)
				AfterProcessingInitializeOnLoad (0ms)
				EditorAssembliesLoaded (0ms)
			ExecutionOrderSort2 (0ms)
			AwakeInstancesAfterBackupRestoration (0ms)
Platform modules already initialized, skipping
Registering precompiled user dll's ...
Registered in 0.002658 seconds.
Begin MonoManager ReloadAssembly
Native extension for WindowsStandalone target not found
Native extension for WebGL target not found
Refreshing native plugins compatible for Editor in 51.91 ms, found 3 plugins.
Preloading 0 native plugins for Editor in 0.00 ms.
Mono: successfully reloaded assembly
- Completed reload, in  1.114 seconds
Domain Reload Profiling:
	ReloadAssembly (1115ms)
		BeginReloadAssembly (142ms)
			ExecutionOrderSort (0ms)
			DisableScriptedObjects (5ms)
			BackupInstance (0ms)
			ReleaseScriptingObjects (0ms)
			CreateAndSetChildDomain (17ms)
		EndReloadAssembly (919ms)
			LoadAssemblies (84ms)
			RebuildTransferFunctionScriptingTraits (0ms)
			SetupTypeCache (324ms)
			ReleaseScriptCaches (1ms)
			RebuildScriptCaches (61ms)
			SetupLoadedEditorAssemblies (337ms)
				LogAssemblyErrors (0ms)
				InitializePlatformSupportModulesInManaged (4ms)
				SetLoadedEditorAssemblies (0ms)
				RefreshPlugins (52ms)
				BeforeProcessingInitializeOnLoad (70ms)
				ProcessInitializeOnLoadAttributes (192ms)
				ProcessInitializeOnLoadMethodAttributes (17ms)
				AfterProcessingInitializeOnLoad (2ms)
				EditorAssembliesLoaded (0ms)
			ExecutionOrderSort2 (0ms)
			AwakeInstancesAfterBackupRestoration (6ms)
Platform modules already initialized, skipping
========================================================================
Worker process is ready to serve import requests
Launched and connected shader compiler UnityShaderCompiler.exe after 0.13 seconds
Refreshing native plugins compatible for Editor in 0.64 ms, found 3 plugins.
Preloading 0 native plugins for Editor in 0.00 ms.
Unloading 3048 Unused Serialized files (Serialized files now loaded: 0)
System memory in use before: 121.0 MB.
System memory in use after: 121.2 MB.

Unloading 28 unused Assets to reduce memory usage. Loaded Objects now: 3483.
Total: 3.323200 ms (FindLiveObjects: 0.289300 ms CreateObjectMapping: 0.165400 ms MarkObjects: 2.803300 ms  DeleteObjects: 0.064300 ms)

AssetImportParameters requested are different than current active one (requested -> active):
  custom:framework-win-MediaFoundation: 216162199b28c13a410421893ffa2e32 -> 
  custom:video-decoder-ogg-theora: a1e56fd34408186e4bbccfd4996cb3dc -> 
  custom:container-muxer-webm: aa71ff27fc2769a1b78a27578f13a17b -> 
  custom:container-demuxer-webm: 4f35f7cbe854078d1ac9338744f61a02 -> 
  custom:container-demuxer-ogg: 62fdf1f143b41e24485cea50d1cbac27 -> 
  custom:video-encoder-webm-vp8: eb34c28f22e8b96e1ab97ce403110664 -> 
  custom:video-codec-MediaFoundation-h265: 746d11721c4dcdbdad8f713fa42b33f4 -> 
  custom:video-decoder-webm-vp8: 9c59270c3fd7afecdb556c50c9e8de78 -> 
  custom:audio-decoder-ogg-vorbis: bf7c407c2cedff20999df2af8eb42d56 -> 
  custom:audio-encoder-webm-vorbis: bf7c407c2cedff20999df2af8eb42d56 -> 
========================================================================
Received Import Request.
  path: Assets/Sprites
  artifactKey: Guid(434631c76fefc77499c9862e848523ce) Importer(815301076,1909f56bfc062723c751e8b465ee728b)
Start importing Assets/Sprites using Guid(434631c76fefc77499c9862e848523ce) Importer(815301076,1909f56bfc062723c751e8b465ee728b)  -> (artifact id: 'bc4a58cc486d433bb5623c414b0fc404') in 0.051094 seconds 
  Import took 0.087752 seconds .

========================================================================
Received Import Request.
  Time since last request: 228.632718 seconds.
  path: Assets/Scenes
  artifactKey: Guid(24c30fdb99b23eb4e950e267aa5ec444) Importer(815301076,1909f56bfc062723c751e8b465ee728b)
Start importing Assets/Scenes using Guid(24c30fdb99b23eb4e950e267aa5ec444) Importer(815301076,1909f56bfc062723c751e8b465ee728b)  -> (artifact id: 'bc811ee663d2ff7923a3cd2dbd3997ff') in 0.008794 seconds 
  Import took 0.037981 seconds .

========================================================================
Received Import Request.
  Time since last request: 194.315456 seconds.
  path: Assets/Sprites/Painted HQ 2D Forest Medieval Background/evening/cloud01.png
  artifactKey: Guid(99ba51f130c2c26458e8d83637667448) Importer(815301076,1909f56bfc062723c751e8b465ee728b)
Start importing Assets/Sprites/Painted HQ 2D Forest Medieval Background/evening/cloud01.png using Guid(99ba51f130c2c26458e8d83637667448) Importer(815301076,1909f56bfc062723c751e8b465ee728b)  -> (artifact id: '9e129b1a9694dc16a77d536179961dd9') in 0.441827 seconds 
  Import took 0.508034 seconds .

========================================================================
Received Import Request.
  Time since last request: 0.000338 seconds.
  path: Assets/Sprites/Painted HQ 2D Forest Medieval Background/evening/cloud02.png
  artifactKey: Guid(d9333f218377dda4ba9650ec8f76c40d) Importer(815301076,1909f56bfc062723c751e8b465ee728b)
Start importing Assets/Sprites/Painted HQ 2D Forest Medieval Background/evening/cloud02.png using Guid(d9333f218377dda4ba9650ec8f76c40d) Importer(815301076,1909f56bfc062723c751e8b465ee728b)  -> (artifact id: '7d2ab686e150756855aa6ce6442e70d4') in 0.025960 seconds 
  Import took 0.032849 seconds .

========================================================================
Received Import Request.
  Time since last request: 0.000225 seconds.
  path: Assets/Sprites/Painted HQ 2D Forest Medieval Background/day/cloud01.png
  artifactKey: Guid(d083d3f17cd7d0b4baedc62d855471c8) Importer(815301076,1909f56bfc062723c751e8b465ee728b)
Start importing Assets/Sprites/Painted HQ 2D Forest Medieval Background/day/cloud01.png using Guid(d083d3f17cd7d0b4baedc62d855471c8) Importer(815301076,1909f56bfc062723c751e8b465ee728b)  -> (artifact id: '7561eaf5a25b65ea739f780eb7e17ab7') in 0.024617 seconds 
  Import took 0.033476 seconds .

========================================================================
Received Import Request.
  Time since last request: 0.000260 seconds.
  path: Assets/Sprites/Painted HQ 2D Forest Medieval Background/day/cloud02.png
  artifactKey: Guid(5f9e50fddcbd27747be4ff005e67979b) Importer(815301076,1909f56bfc062723c751e8b465ee728b)
Start importing Assets/Sprites/Painted HQ 2D Forest Medieval Background/day/cloud02.png using Guid(5f9e50fddcbd27747be4ff005e67979b) Importer(815301076,1909f56bfc062723c751e8b465ee728b)  -> (artifact id: '5fcd5d717370258ca486e1634232db29') in 0.018000 seconds 
  Import took 0.168525 seconds .

========================================================================
Received Import Request.
  Time since last request: 0.000250 seconds.
  path: Assets/Sprites/Painted HQ 2D Forest Medieval Background/day/cloud03.png
  artifactKey: Guid(b2e7ab64fd7eb364ab7451d09f294367) Importer(815301076,1909f56bfc062723c751e8b465ee728b)
Start importing Assets/Sprites/Painted HQ 2D Forest Medieval Background/day/cloud03.png using Guid(b2e7ab64fd7eb364ab7451d09f294367) Importer(815301076,1909f56bfc062723c751e8b465ee728b)  -> (artifact id: 'd0670ebaa2debb70ec27d13becfa3619') in 0.021841 seconds 
  Import took 0.029274 seconds .

========================================================================
Received Import Request.
  Time since last request: 0.000224 seconds.
  path: Assets/Sprites/Painted HQ 2D Forest Medieval Background/evening/cloud03.png
  artifactKey: Guid(a0398b1517032824da3d0ba68c409490) Importer(815301076,1909f56bfc062723c751e8b465ee728b)
Start importing Assets/Sprites/Painted HQ 2D Forest Medieval Background/evening/cloud03.png using Guid(a0398b1517032824da3d0ba68c409490) Importer(815301076,1909f56bfc062723c751e8b465ee728b)  -> (artifact id: 'c57140c39cc34b3f7ecb53d4100c07c1') in 0.022538 seconds 
  Import took 0.112893 seconds .

========================================================================
Received Import Request.
  Time since last request: 0.000249 seconds.
  path: Assets/Sprites/Painted HQ 2D Forest Medieval Background/night/cloud03.png
  artifactKey: Guid(e73463d1099f91b4ba8e31b9c3175996) Importer(815301076,1909f56bfc062723c751e8b465ee728b)
Start importing Assets/Sprites/Painted HQ 2D Forest Medieval Background/night/cloud03.png using Guid(e73463d1099f91b4ba8e31b9c3175996) Importer(815301076,1909f56bfc062723c751e8b465ee728b)  -> (artifact id: 'e7e8fab4c6e8bfe1540a2ff540ca1ae5') in 0.024148 seconds 
  Import took 0.031147 seconds .

========================================================================
Received Import Request.
  Time since last request: 0.000223 seconds.
  path: Assets/Sprites/Painted HQ 2D Forest Medieval Background/night/cloud01.png
  artifactKey: Guid(18ad3666f05b674499b413025f1a4227) Importer(815301076,1909f56bfc062723c751e8b465ee728b)
Start importing Assets/Sprites/Painted HQ 2D Forest Medieval Background/night/cloud01.png using Guid(18ad3666f05b674499b413025f1a4227) Importer(815301076,1909f56bfc062723c751e8b465ee728b)  -> (artifact id: '3df6ee95cb246a9bf86fde0510b9ace9') in 0.023384 seconds 
  Import took 0.047756 seconds .

========================================================================
Received Import Request.
  Time since last request: 0.000238 seconds.
  path: Assets/Sprites/Painted HQ 2D Forest Medieval Background/night/cloud02.png
  artifactKey: Guid(cb4ab5a5300dcf24eaf0658a4c7dff9f) Importer(815301076,1909f56bfc062723c751e8b465ee728b)
Start importing Assets/Sprites/Painted HQ 2D Forest Medieval Background/night/cloud02.png using Guid(cb4ab5a5300dcf24eaf0658a4c7dff9f) Importer(815301076,1909f56bfc062723c751e8b465ee728b)  -> (artifact id: 'b74d4790ab63290c9290f79e44fccacc') in 0.021286 seconds 
  Import took 0.054194 seconds .

========================================================================
Received Import Request.
  Time since last request: 6.249156 seconds.
  path: Assets/Sprites/Painted HQ 2D Forest Medieval Background/day/mountain01.png
  artifactKey: Guid(63bd50a6c3fd26b439c10e599e94b853) Importer(815301076,1909f56bfc062723c751e8b465ee728b)
Start importing Assets/Sprites/Painted HQ 2D Forest Medieval Background/day/mountain01.png using Guid(63bd50a6c3fd26b439c10e599e94b853) Importer(815301076,1909f56bfc062723c751e8b465ee728b)  -> (artifact id: '91d1f1e583ebab53b03d701eae1e8fb6') in 0.023527 seconds 
  Import took 0.071296 seconds .

========================================================================
Received Import Request.
  Time since last request: 0.000229 seconds.
  path: Assets/Sprites/Painted HQ 2D Forest Medieval Background/evening/mountain01.png
  artifactKey: Guid(f138225fb2758c641b40ae90c500db26) Importer(815301076,1909f56bfc062723c751e8b465ee728b)
Start importing Assets/Sprites/Painted HQ 2D Forest Medieval Background/evening/mountain01.png using Guid(f138225fb2758c641b40ae90c500db26) Importer(815301076,1909f56bfc062723c751e8b465ee728b)  -> (artifact id: '5c4130fd256b69bf1bd5e9a92c1ef08e') in 0.019596 seconds 
  Import took 0.026773 seconds .

========================================================================
Received Import Request.
  Time since last request: 0.000188 seconds.
  path: Assets/Sprites/Painted HQ 2D Forest Medieval Background/day/mountain02.png
  artifactKey: Guid(bf66f81ff5312b0468db46a55bc8b271) Importer(815301076,1909f56bfc062723c751e8b465ee728b)
Start importing Assets/Sprites/Painted HQ 2D Forest Medieval Background/day/mountain02.png using Guid(bf66f81ff5312b0468db46a55bc8b271) Importer(815301076,1909f56bfc062723c751e8b465ee728b)  -> (artifact id: '2fff7cca1f52a2fc74ae6374785f20c4') in 0.031750 seconds 
  Import took 0.087503 seconds .

========================================================================
Received Import Request.
  Time since last request: 0.000257 seconds.
  path: Assets/Sprites/Painted HQ 2D Forest Medieval Background/night/mountain02.png
  artifactKey: Guid(4f896d7c37e46c34c9b57f2e7fed52c5) Importer(815301076,1909f56bfc062723c751e8b465ee728b)
Start importing Assets/Sprites/Painted HQ 2D Forest Medieval Background/night/mountain02.png using Guid(4f896d7c37e46c34c9b57f2e7fed52c5) Importer(815301076,1909f56bfc062723c751e8b465ee728b)  -> (artifact id: '84dfaa673c2e3bf16084c0b9225efecd') in 0.024297 seconds 
  Import took 0.051490 seconds .

========================================================================
Received Import Request.
  Time since last request: 0.000223 seconds.
  path: Assets/Sprites/Painted HQ 2D Forest Medieval Background/night/mountain01.png
  artifactKey: Guid(0d08b6928114d47439546a398b35c506) Importer(815301076,1909f56bfc062723c751e8b465ee728b)
Start importing Assets/Sprites/Painted HQ 2D Forest Medieval Background/night/mountain01.png using Guid(0d08b6928114d47439546a398b35c506) Importer(815301076,1909f56bfc062723c751e8b465ee728b)  -> (artifact id: 'fcefac77ab088e418090f7592a7fbe38') in 0.022550 seconds 
  Import took 0.029964 seconds .

========================================================================
Received Import Request.
  Time since last request: 0.000250 seconds.
  path: Assets/Sprites/Painted HQ 2D Forest Medieval Background/evening/mountain02.png
  artifactKey: Guid(db221b0bdb18e4748bbdcb1a3ace4495) Importer(815301076,1909f56bfc062723c751e8b465ee728b)
Start importing Assets/Sprites/Painted HQ 2D Forest Medieval Background/evening/mountain02.png using Guid(db221b0bdb18e4748bbdcb1a3ace4495) Importer(815301076,1909f56bfc062723c751e8b465ee728b)  -> (artifact id: 'c69b6cd18323dbace69751c094f19053') in 0.023310 seconds 
  Import took 0.055999 seconds .

========================================================================
Received Import Request.
  Time since last request: 2.041832 seconds.
  path: Assets/Sprites/Painted HQ 2D Forest Medieval Background/day/sky.png
  artifactKey: Guid(70e32caafad415e489dea7aa867977e0) Importer(815301076,1909f56bfc062723c751e8b465ee728b)
Start importing Assets/Sprites/Painted HQ 2D Forest Medieval Background/day/sky.png using Guid(70e32caafad415e489dea7aa867977e0) Importer(815301076,1909f56bfc062723c751e8b465ee728b)  -> (artifact id: '2238d9fbe014e3369b0a53768e0c9e2b') in 0.019511 seconds 
  Import took 0.095305 seconds .

========================================================================
Received Import Request.
  Time since last request: 0.000211 seconds.
  path: Assets/Sprites/Painted HQ 2D Forest Medieval Background/evening/sky.png
  artifactKey: Guid(f55507d454bdf4147a49efc80be9332b) Importer(815301076,1909f56bfc062723c751e8b465ee728b)
Start importing Assets/Sprites/Painted HQ 2D Forest Medieval Background/evening/sky.png using Guid(f55507d454bdf4147a49efc80be9332b) Importer(815301076,1909f56bfc062723c751e8b465ee728b)  -> (artifact id: '9695cbc225522d0aaa488c61e58ef0df') in 0.019723 seconds 
  Import took 0.079134 seconds .

========================================================================
Received Import Request.
  Time since last request: 0.317551 seconds.
  path: Assets/Sprites/Painted HQ 2D Forest Medieval Background/night/sky.png
  artifactKey: Guid(fd8e132a64c68724e83ef37f68f9c1c7) Importer(815301076,1909f56bfc062723c751e8b465ee728b)
Start importing Assets/Sprites/Painted HQ 2D Forest Medieval Background/night/sky.png using Guid(fd8e132a64c68724e83ef37f68f9c1c7) Importer(815301076,1909f56bfc062723c751e8b465ee728b)  -> (artifact id: '717d359fbac884c9069d3f1d7f9b2ae2') in 0.017566 seconds 
  Import took 0.041355 seconds .

========================================================================
Received Import Request.
  Time since last request: 23.354427 seconds.
  path: Assets/Sprites/Painted HQ 2D Forest Medieval Background
  artifactKey: Guid(27baca5d44e38b64cb0c64f21dd61e27) Importer(815301076,1909f56bfc062723c751e8b465ee728b)
Start importing Assets/Sprites/Painted HQ 2D Forest Medieval Background using Guid(27baca5d44e38b64cb0c64f21dd61e27) Importer(815301076,1909f56bfc062723c751e8b465ee728b)  -> (artifact id: '1771d1e3674b2c2f03e2714f062dee27') in 0.005866 seconds 
  Import took 0.044946 seconds .

========================================================================
Received Import Request.
  Time since last request: 3.050469 seconds.
  path: Assets/Sprites/Painted HQ 2D Forest Medieval Background/evening
  artifactKey: Guid(3e873d0fc06f8ca4a99b2323fdbf7577) Importer(815301076,1909f56bfc062723c751e8b465ee728b)
Start importing Assets/Sprites/Painted HQ 2D Forest Medieval Background/evening using Guid(3e873d0fc06f8ca4a99b2323fdbf7577) Importer(815301076,1909f56bfc062723c751e8b465ee728b)  -> (artifact id: '6d999c4fd85625eeda539396fe569523') in 0.006878 seconds 
  Import took 0.012602 seconds .

========================================================================
Received Import Request.
  Time since last request: 0.419578 seconds.
  path: Assets/Sprites/Painted HQ 2D Forest Medieval Background/Examples
  artifactKey: Guid(7a5ecea6fea8ed342a104305af699a40) Importer(815301076,1909f56bfc062723c751e8b465ee728b)
Start importing Assets/Sprites/Painted HQ 2D Forest Medieval Background/Examples using Guid(7a5ecea6fea8ed342a104305af699a40) Importer(815301076,1909f56bfc062723c751e8b465ee728b)  -> (artifact id: 'bdd1e9cdb5bc6ebc3b5865115c763018') in 0.006875 seconds 
  Import took 0.079726 seconds .

========================================================================
Received Import Request.
  Time since last request: 2.395489 seconds.
  path: Assets/Sprites/Painted HQ 2D Forest Medieval Background/night
  artifactKey: Guid(896d4ab34cd92cf49b59e456191e12be) Importer(815301076,1909f56bfc062723c751e8b465ee728b)
Start importing Assets/Sprites/Painted HQ 2D Forest Medieval Background/night using Guid(896d4ab34cd92cf49b59e456191e12be) Importer(815301076,1909f56bfc062723c751e8b465ee728b)  -> (artifact id: '44361af6ce22e1e63b40bbbb5460c333') in 0.006115 seconds 
  Import took 0.089114 seconds .

========================================================================
Received Import Request.
  Time since last request: 3.561076 seconds.
  path: Assets/Sprites/Painted HQ 2D Forest Medieval Background/day
  artifactKey: Guid(be61884b24a259649bc5e023ef71227e) Importer(815301076,1909f56bfc062723c751e8b465ee728b)
Start importing Assets/Sprites/Painted HQ 2D Forest Medieval Background/day using Guid(be61884b24a259649bc5e023ef71227e) Importer(815301076,1909f56bfc062723c751e8b465ee728b)  -> (artifact id: '1c81aa7d22bc14f018d6f7b9851b7887') in 0.007115 seconds 
  Import took 0.053842 seconds .

========================================================================
Received Prepare
Registering precompiled user dll's ...
Registered in 0.003234 seconds.
Begin MonoManager ReloadAssembly
Native extension for WindowsStandalone target not found
Native extension for WebGL target not found
Refreshing native plugins compatible for Editor in 0.80 ms, found 3 plugins.
Preloading 0 native plugins for Editor in 0.00 ms.
Mono: successfully reloaded assembly
- Completed reload, in  1.357 seconds
Domain Reload Profiling:
	ReloadAssembly (1358ms)
		BeginReloadAssembly (193ms)
			ExecutionOrderSort (0ms)
			DisableScriptedObjects (12ms)
			BackupInstance (0ms)
			ReleaseScriptingObjects (0ms)
			CreateAndSetChildDomain (93ms)
		EndReloadAssembly (1096ms)
			LoadAssemblies (104ms)
			RebuildTransferFunctionScriptingTraits (0ms)
			SetupTypeCache (410ms)
			ReleaseScriptCaches (1ms)
			RebuildScriptCaches (66ms)
			SetupLoadedEditorAssemblies (373ms)
				LogAssemblyErrors (0ms)
				InitializePlatformSupportModulesInManaged (7ms)
				SetLoadedEditorAssemblies (1ms)
				RefreshPlugins (1ms)
				BeforeProcessingInitializeOnLoad (106ms)
				ProcessInitializeOnLoadAttributes (241ms)
				ProcessInitializeOnLoadMethodAttributes (14ms)
				AfterProcessingInitializeOnLoad (3ms)
				EditorAssembliesLoaded (0ms)
			ExecutionOrderSort2 (0ms)
			AwakeInstancesAfterBackupRestoration (12ms)
Platform modules already initialized, skipping
Refreshing native plugins compatible for Editor in 0.72 ms, found 3 plugins.
Preloading 0 native plugins for Editor in 0.00 ms.
Unloading 3026 Unused Serialized files (Serialized files now loaded: 0)
System memory in use before: 124.1 MB.
System memory in use after: 124.4 MB.

Unloading 17 unused Assets to reduce memory usage. Loaded Objects now: 3501.
Total: 4.214600 ms (FindLiveObjects: 0.357000 ms CreateObjectMapping: 0.202200 ms MarkObjects: 3.621300 ms  DeleteObjects: 0.032800 ms)

AssetImportParameters requested are different than current active one (requested -> active):
  custom:framework-win-MediaFoundation: 216162199b28c13a410421893ffa2e32 -> 
  custom:video-decoder-ogg-theora: a1e56fd34408186e4bbccfd4996cb3dc -> 
  custom:container-muxer-webm: aa71ff27fc2769a1b78a27578f13a17b -> 
  custom:container-demuxer-webm: 4f35f7cbe854078d1ac9338744f61a02 -> 
  custom:container-demuxer-ogg: 62fdf1f143b41e24485cea50d1cbac27 -> 
  custom:video-encoder-webm-vp8: eb34c28f22e8b96e1ab97ce403110664 -> 
  custom:video-codec-MediaFoundation-h265: 746d11721c4dcdbdad8f713fa42b33f4 -> 
  custom:video-decoder-webm-vp8: 9c59270c3fd7afecdb556c50c9e8de78 -> 
  custom:audio-decoder-ogg-vorbis: bf7c407c2cedff20999df2af8eb42d56 -> 
  custom:audio-encoder-webm-vorbis: bf7c407c2cedff20999df2af8eb42d56 -> 
========================================================================
Received Prepare
Registering precompiled user dll's ...
Registered in 0.002872 seconds.
Begin MonoManager ReloadAssembly
Native extension for WindowsStandalone target not found
Native extension for WebGL target not found
Refreshing native plugins compatible for Editor in 0.61 ms, found 3 plugins.
Preloading 0 native plugins for Editor in 0.00 ms.
Mono: successfully reloaded assembly
- Completed reload, in  0.981 seconds
Domain Reload Profiling:
	ReloadAssembly (981ms)
		BeginReloadAssembly (124ms)
			ExecutionOrderSort (0ms)
			DisableScriptedObjects (6ms)
			BackupInstance (0ms)
			ReleaseScriptingObjects (0ms)
			CreateAndSetChildDomain (39ms)
		EndReloadAssembly (803ms)
			LoadAssemblies (82ms)
			RebuildTransferFunctionScriptingTraits (0ms)
			SetupTypeCache (300ms)
			ReleaseScriptCaches (1ms)
			RebuildScriptCaches (42ms)
			SetupLoadedEditorAssemblies (280ms)
				LogAssemblyErrors (0ms)
				InitializePlatformSupportModulesInManaged (6ms)
				SetLoadedEditorAssemblies (0ms)
				RefreshPlugins (1ms)
				BeforeProcessingInitializeOnLoad (82ms)
				ProcessInitializeOnLoadAttributes (178ms)
				ProcessInitializeOnLoadMethodAttributes (11ms)
				AfterProcessingInitializeOnLoad (2ms)
				EditorAssembliesLoaded (0ms)
			ExecutionOrderSort2 (0ms)
			AwakeInstancesAfterBackupRestoration (8ms)
Platform modules already initialized, skipping
Refreshing native plugins compatible for Editor in 0.59 ms, found 3 plugins.
Preloading 0 native plugins for Editor in 0.00 ms.
Unloading 3026 Unused Serialized files (Serialized files now loaded: 0)
System memory in use before: 124.2 MB.
System memory in use after: 124.4 MB.

Unloading 17 unused Assets to reduce memory usage. Loaded Objects now: 3503.
Total: 3.081700 ms (FindLiveObjects: 0.277900 ms CreateObjectMapping: 0.153500 ms MarkObjects: 2.633900 ms  DeleteObjects: 0.015800 ms)

AssetImportParameters requested are different than current active one (requested -> active):
  custom:framework-win-MediaFoundation: 216162199b28c13a410421893ffa2e32 -> 
  custom:video-decoder-ogg-theora: a1e56fd34408186e4bbccfd4996cb3dc -> 
  custom:container-muxer-webm: aa71ff27fc2769a1b78a27578f13a17b -> 
  custom:container-demuxer-webm: 4f35f7cbe854078d1ac9338744f61a02 -> 
  custom:container-demuxer-ogg: 62fdf1f143b41e24485cea50d1cbac27 -> 
  custom:video-encoder-webm-vp8: eb34c28f22e8b96e1ab97ce403110664 -> 
  custom:video-codec-MediaFoundation-h265: 746d11721c4dcdbdad8f713fa42b33f4 -> 
  custom:video-decoder-webm-vp8: 9c59270c3fd7afecdb556c50c9e8de78 -> 
  custom:audio-decoder-ogg-vorbis: bf7c407c2cedff20999df2af8eb42d56 -> 
  custom:audio-encoder-webm-vorbis: bf7c407c2cedff20999df2af8eb42d56 -> 
AssetImportWorkerClient::OnTransportError - code=2 error=End of file
